<?xml version="1.0" encoding="UTF-8"?>
<!-- Generated by org.testng.reporters.JUnitReportReporter -->
<testsuite skipped="0" hostname="Avengers" name="launchApp.pBank" tests="1" failures="0" timestamp="18 Nov 2022 05:03:42 GMT" time="15.990" errors="0">
  <testcase name="launchapp" time="15.990" classname="launchApp.pBank"/>
</testsuite> <!-- launchApp.pBank -->
